This file contains any messages produced by compilers while
running configure, to aid debugging if configure makes a mistake.

It was created by configure, which was
generated by GNU Autoconf 2.69.  Invocation command line was

  $ ./configure --enable-bcrelay CC=ccache arm-linux-uclibc-gcc CFLAGS=-Os -pipe -mcpu=cortex-a9 -mtune=cortex-a9  -msoft-float -mfloat-abi=soft -fno-caller-saves -fno-plt  -D_GNU_SOURCE -ffunction-sections -fdata-sections -Wl,--gc-sections  -I/home/paldier/ddwrt/src/router/pppd/include -DNEED_PRINTF CPPFLAGS=-Os -pipe -mcpu=cortex-a9 -mtune=cortex-a9  -msoft-float -mfloat-abi=soft -fno-caller-saves -fno-plt  -D_GNU_SOURCE -ffunction-sections -fdata-sections -Wl,--gc-sections  -I/home/paldier/ddwrt/src/router/pppd.new/include --prefix=/usr --host=arm-linux

## --------- ##
## Platform. ##
## --------- ##

hostname = paldier-MerlinR
uname -m = x86_64
uname -r = 4.15.0-64-generic
uname -s = Linux
uname -v = #73-Ubuntu SMP Thu Sep 12 13:16:13 UTC 2019

/usr/bin/uname -p = unknown
/bin/uname -X     = unknown

/bin/arch              = unknown
/usr/bin/arch -k       = unknown
/usr/convex/getsysinfo = unknown
/usr/bin/hostinfo      = unknown
/bin/machine           = unknown
/usr/bin/oslevel       = unknown
/bin/universe          = unknown

PATH: /home/paldier/ddwrt/toolchains/toolchain-arm_cortex-a9_gcc-8.2.0_musl_eabi/bin
PATH: /usr/local/sbin
PATH: /usr/local/bin
PATH: /usr/sbin
PATH: /usr/bin
PATH: /sbin
PATH: /bin
PATH: /usr/games
PATH: /usr/local/games


## ----------- ##
## Core tests. ##
## ----------- ##

configure:2261: checking for a BSD-compatible install
configure:2329: result: /usr/bin/install -c
configure:2340: checking whether build environment is sane
configure:2390: result: yes
configure:2439: checking for arm-linux-strip
configure:2466: result: arm-linux-uclibc-strip
configure:2531: checking for a thread-safe mkdir -p
configure:2570: result: /bin/mkdir -p
configure:2583: checking for gawk
configure:2599: found /usr/bin/gawk
configure:2610: result: gawk
configure:2621: checking whether make sets $(MAKE)
configure:2643: result: yes
configure:2728: checking command line for use of BSD PPP
configure:2758: result: default standard pppd
configure:2763: checking command line for use of SLIRP
configure:2793: result: default no
configure:2798: checking command line for syslog facility name
configure:2812: result: default LOG_DAEMON
configure:2822: checking command line for bcrelay build
configure:2829: result: yes
configure:2854: checking command line for VRF build
configure:2877: result: default no
configure:2891: checking for arm-linux-gcc
configure:2918: result: ccache arm-linux-uclibc-gcc
configure:3187: checking for C compiler version
configure:3196: ccache arm-linux-uclibc-gcc --version >&5
arm-linux-uclibc-gcc (OpenWrt GCC 8.2.0 r7577-d14647dd59) 8.2.0
Copyright (C) 2018 Free Software Foundation, Inc.
This is free software; see the source for copying conditions.  There is NO
warranty; not even for MERCHANTABILITY or FITNESS FOR A PARTICULAR PURPOSE.

configure:3207: $? = 0
configure:3196: ccache arm-linux-uclibc-gcc -v >&5
Using built-in specs.
COLLECT_GCC=/home/paldier/ddwrt/toolchains/toolchain-arm_cortex-a9_gcc-8.2.0_musl_eabi/bin/arm-linux-uclibc-gcc
COLLECT_LTO_WRAPPER=/home/paldier/ddwrt/toolchains/toolchain-arm_cortex-a9_gcc-8.2.0_musl_eabi/bin/../lib/gcc/arm-openwrt-linux-muslgnueabi/8.2.0/lto-wrapper
Target: arm-openwrt-linux-muslgnueabi
Configured with: /home/xfs/openwrt/lede_nbd/nbd/build_dir/toolchain-arm_cortex-a9_gcc-8.2.0_musl_eabi/gcc-8.2.0/configure --with-bugurl=http://www.lede-project.org/bugs/ --with-pkgversion='OpenWrt GCC 8.2.0 r7577-d14647dd59' --prefix=/home/xfs/openwrt/lede_nbd/nbd/staging_dir/toolchain-arm_cortex-a9_gcc-8.2.0_musl_eabi --build=x86_64-pc-linux-gnu --host=x86_64-pc-linux-gnu --target=arm-openwrt-linux-muslgnueabi --with-gnu-ld --enable-target-optspace --disable-libgomp --disable-libmudflap --disable-multilib --disable-libmpx --disable-nls --without-isl --without-cloog --with-host-libstdcxx=-lstdc++ --with-float=soft --with-gmp=/home/xfs/openwrt/lede_nbd/nbd/staging_dir/host --with-mpfr=/home/xfs/openwrt/lede_nbd/nbd/staging_dir/host --with-mpc=/home/xfs/openwrt/lede_nbd/nbd/staging_dir/host --disable-decimal-float --with-diagnostics-color=auto-if-env --disable-libssp --enable-__cxa_atexit --with-headers=/home/xfs/openwrt/lede_nbd/nbd/staging_dir/toolchain-arm_cortex-a9_gcc-8.2.0_musl_eabi/include --disable-libsanitizer --enable-languages=c,c++ --enable-shared --enable-threads --with-slibdir=/home/xfs/openwrt/lede_nbd/nbd/staging_dir/toolchain-arm_cortex-a9_gcc-8.2.0_musl_eabi/lib --enable-lto --with-libelf=/home/xfs/openwrt/lede_nbd/nbd/staging_dir/host
Thread model: posix
gcc version 8.2.0 (OpenWrt GCC 8.2.0 r7577-d14647dd59) 
configure:3207: $? = 0
configure:3196: ccache arm-linux-uclibc-gcc -V >&5
arm-linux-uclibc-gcc: error: unrecognized command line option '-V'
arm-linux-uclibc-gcc: fatal error: no input files
compilation terminated.
configure:3207: $? = 1
configure:3196: ccache arm-linux-uclibc-gcc -qversion >&5
arm-linux-uclibc-gcc: error: unrecognized command line option '-qversion'; did you mean '--version'?
arm-linux-uclibc-gcc: fatal error: no input files
compilation terminated.
configure:3207: $? = 1
configure:3227: checking whether the C compiler works
configure:3249: ccache arm-linux-uclibc-gcc -Os -pipe -mcpu=cortex-a9 -mtune=cortex-a9  -msoft-float -mfloat-abi=soft -fno-caller-saves -fno-plt  -D_GNU_SOURCE -ffunction-sections -fdata-sections -Wl,--gc-sections  -I/home/paldier/ddwrt/src/router/pppd/include -DNEED_PRINTF -Os -pipe -mcpu=cortex-a9 -mtune=cortex-a9  -msoft-float -mfloat-abi=soft -fno-caller-saves -fno-plt  -D_GNU_SOURCE -ffunction-sections -fdata-sections -Wl,--gc-sections  -I/home/paldier/ddwrt/src/router/pppd.new/include  conftest.c  >&5
configure:3253: $? = 0
configure:3301: result: yes
configure:3304: checking for C compiler default output file name
configure:3306: result: a.out
configure:3312: checking for suffix of executables
configure:3319: ccache arm-linux-uclibc-gcc -o conftest -Os -pipe -mcpu=cortex-a9 -mtune=cortex-a9  -msoft-float -mfloat-abi=soft -fno-caller-saves -fno-plt  -D_GNU_SOURCE -ffunction-sections -fdata-sections -Wl,--gc-sections  -I/home/paldier/ddwrt/src/router/pppd/include -DNEED_PRINTF -Os -pipe -mcpu=cortex-a9 -mtune=cortex-a9  -msoft-float -mfloat-abi=soft -fno-caller-saves -fno-plt  -D_GNU_SOURCE -ffunction-sections -fdata-sections -Wl,--gc-sections  -I/home/paldier/ddwrt/src/router/pppd.new/include  conftest.c  >&5
configure:3323: $? = 0
configure:3345: result: 
configure:3367: checking whether we are cross compiling
configure:3375: ccache arm-linux-uclibc-gcc -o conftest -Os -pipe -mcpu=cortex-a9 -mtune=cortex-a9  -msoft-float -mfloat-abi=soft -fno-caller-saves -fno-plt  -D_GNU_SOURCE -ffunction-sections -fdata-sections -Wl,--gc-sections  -I/home/paldier/ddwrt/src/router/pppd/include -DNEED_PRINTF -Os -pipe -mcpu=cortex-a9 -mtune=cortex-a9  -msoft-float -mfloat-abi=soft -fno-caller-saves -fno-plt  -D_GNU_SOURCE -ffunction-sections -fdata-sections -Wl,--gc-sections  -I/home/paldier/ddwrt/src/router/pppd.new/include  conftest.c  >&5
configure:3379: $? = 0
configure:3386: ./conftest
./configure: line 3388: ./conftest: cannot execute binary file: Exec format error
configure:3390: $? = 126
configure:3405: result: yes
configure:3410: checking for suffix of object files
configure:3432: ccache arm-linux-uclibc-gcc -c -Os -pipe -mcpu=cortex-a9 -mtune=cortex-a9  -msoft-float -mfloat-abi=soft -fno-caller-saves -fno-plt  -D_GNU_SOURCE -ffunction-sections -fdata-sections -Wl,--gc-sections  -I/home/paldier/ddwrt/src/router/pppd/include -DNEED_PRINTF -Os -pipe -mcpu=cortex-a9 -mtune=cortex-a9  -msoft-float -mfloat-abi=soft -fno-caller-saves -fno-plt  -D_GNU_SOURCE -ffunction-sections -fdata-sections -Wl,--gc-sections  -I/home/paldier/ddwrt/src/router/pppd.new/include conftest.c >&5
configure:3436: $? = 0
configure:3457: result: o
configure:3461: checking whether we are using the GNU C compiler
configure:3480: ccache arm-linux-uclibc-gcc -c -Os -pipe -mcpu=cortex-a9 -mtune=cortex-a9  -msoft-float -mfloat-abi=soft -fno-caller-saves -fno-plt  -D_GNU_SOURCE -ffunction-sections -fdata-sections -Wl,--gc-sections  -I/home/paldier/ddwrt/src/router/pppd/include -DNEED_PRINTF -Os -pipe -mcpu=cortex-a9 -mtune=cortex-a9  -msoft-float -mfloat-abi=soft -fno-caller-saves -fno-plt  -D_GNU_SOURCE -ffunction-sections -fdata-sections -Wl,--gc-sections  -I/home/paldier/ddwrt/src/router/pppd.new/include conftest.c >&5
configure:3480: $? = 0
configure:3489: result: yes
configure:3498: checking whether ccache arm-linux-uclibc-gcc accepts -g
configure:3518: ccache arm-linux-uclibc-gcc -c -g -Os -pipe -mcpu=cortex-a9 -mtune=cortex-a9  -msoft-float -mfloat-abi=soft -fno-caller-saves -fno-plt  -D_GNU_SOURCE -ffunction-sections -fdata-sections -Wl,--gc-sections  -I/home/paldier/ddwrt/src/router/pppd.new/include conftest.c >&5
configure:3518: $? = 0
configure:3559: result: yes
configure:3576: checking for ccache arm-linux-uclibc-gcc option to accept ISO C89
configure:3639: ccache arm-linux-uclibc-gcc  -c -Os -pipe -mcpu=cortex-a9 -mtune=cortex-a9  -msoft-float -mfloat-abi=soft -fno-caller-saves -fno-plt  -D_GNU_SOURCE -ffunction-sections -fdata-sections -Wl,--gc-sections  -I/home/paldier/ddwrt/src/router/pppd/include -DNEED_PRINTF -Os -pipe -mcpu=cortex-a9 -mtune=cortex-a9  -msoft-float -mfloat-abi=soft -fno-caller-saves -fno-plt  -D_GNU_SOURCE -ffunction-sections -fdata-sections -Wl,--gc-sections  -I/home/paldier/ddwrt/src/router/pppd.new/include conftest.c >&5
configure:3639: $? = 0
configure:3652: result: none needed
configure:3683: checking for style of include used by make
configure:3711: result: GNU
configure:3737: checking dependency style of ccache arm-linux-uclibc-gcc
configure:3848: result: none
configure:3866: checking for arm-linux-ranlib
configure:3893: result: arm-linux-uclibc-ranlib
configure:3956: checking whether ln -s works
configure:3960: result: yes
configure:3967: checking whether make sets $(MAKE)
configure:3989: result: yes
configure:4000: checking for an ANSI C-conforming const
configure:4066: ccache arm-linux-uclibc-gcc -c -Os -pipe -mcpu=cortex-a9 -mtune=cortex-a9  -msoft-float -mfloat-abi=soft -fno-caller-saves -fno-plt  -D_GNU_SOURCE -ffunction-sections -fdata-sections -Wl,--gc-sections  -I/home/paldier/ddwrt/src/router/pppd/include -DNEED_PRINTF -Os -pipe -mcpu=cortex-a9 -mtune=cortex-a9  -msoft-float -mfloat-abi=soft -fno-caller-saves -fno-plt  -D_GNU_SOURCE -ffunction-sections -fdata-sections -Wl,--gc-sections  -I/home/paldier/ddwrt/src/router/pppd.new/include conftest.c >&5
configure:4066: $? = 0
configure:4073: result: yes
configure:4081: checking for inline
configure:4097: ccache arm-linux-uclibc-gcc -c -Os -pipe -mcpu=cortex-a9 -mtune=cortex-a9  -msoft-float -mfloat-abi=soft -fno-caller-saves -fno-plt  -D_GNU_SOURCE -ffunction-sections -fdata-sections -Wl,--gc-sections  -I/home/paldier/ddwrt/src/router/pppd/include -DNEED_PRINTF -Os -pipe -mcpu=cortex-a9 -mtune=cortex-a9  -msoft-float -mfloat-abi=soft -fno-caller-saves -fno-plt  -D_GNU_SOURCE -ffunction-sections -fdata-sections -Wl,--gc-sections  -I/home/paldier/ddwrt/src/router/pppd.new/include conftest.c >&5
configure:4097: $? = 0
configure:4105: result: inline
configure:4126: checking whether #! works in shell scripts
configure:4143: result: yes
configure:4151: checking for setsid
configure:4151: ccache arm-linux-uclibc-gcc -o conftest -Os -pipe -mcpu=cortex-a9 -mtune=cortex-a9  -msoft-float -mfloat-abi=soft -fno-caller-saves -fno-plt  -D_GNU_SOURCE -ffunction-sections -fdata-sections -Wl,--gc-sections  -I/home/paldier/ddwrt/src/router/pppd/include -DNEED_PRINTF -Os -pipe -mcpu=cortex-a9 -mtune=cortex-a9  -msoft-float -mfloat-abi=soft -fno-caller-saves -fno-plt  -D_GNU_SOURCE -ffunction-sections -fdata-sections -Wl,--gc-sections  -I/home/paldier/ddwrt/src/router/pppd.new/include  conftest.c  >&5
configure:4151: $? = 0
configure:4151: result: yes
configure:4151: checking for daemon
configure:4151: ccache arm-linux-uclibc-gcc -o conftest -Os -pipe -mcpu=cortex-a9 -mtune=cortex-a9  -msoft-float -mfloat-abi=soft -fno-caller-saves -fno-plt  -D_GNU_SOURCE -ffunction-sections -fdata-sections -Wl,--gc-sections  -I/home/paldier/ddwrt/src/router/pppd/include -DNEED_PRINTF -Os -pipe -mcpu=cortex-a9 -mtune=cortex-a9  -msoft-float -mfloat-abi=soft -fno-caller-saves -fno-plt  -D_GNU_SOURCE -ffunction-sections -fdata-sections -Wl,--gc-sections  -I/home/paldier/ddwrt/src/router/pppd.new/include  conftest.c  >&5
configure:4151: $? = 0
configure:4151: result: yes
configure:4151: checking for setproctitle
configure:4151: ccache arm-linux-uclibc-gcc -o conftest -Os -pipe -mcpu=cortex-a9 -mtune=cortex-a9  -msoft-float -mfloat-abi=soft -fno-caller-saves -fno-plt  -D_GNU_SOURCE -ffunction-sections -fdata-sections -Wl,--gc-sections  -I/home/paldier/ddwrt/src/router/pppd/include -DNEED_PRINTF -Os -pipe -mcpu=cortex-a9 -mtune=cortex-a9  -msoft-float -mfloat-abi=soft -fno-caller-saves -fno-plt  -D_GNU_SOURCE -ffunction-sections -fdata-sections -Wl,--gc-sections  -I/home/paldier/ddwrt/src/router/pppd.new/include  conftest.c  >&5
/home/paldier/ddwrt/toolchains/toolchain-arm_cortex-a9_gcc-8.2.0_musl_eabi/bin/../lib64/gcc/arm-openwrt-linux-muslgnueabi/8.2.0/../../../../arm-openwrt-linux-muslgnueabi/bin/ld: /tmp/ccGM53MS.o: in function `main':
conftest.c:(.text.startup.main+0x4): undefined reference to `setproctitle'
collect2: error: ld returned 1 exit status
configure:4151: $? = 1
configure: failed program was:
| /* confdefs.h */
| #define PACKAGE_NAME ""
| #define PACKAGE_TARNAME ""
| #define PACKAGE_VERSION ""
| #define PACKAGE_STRING ""
| #define PACKAGE_BUGREPORT ""
| #define PACKAGE_URL ""
| #define PACKAGE "pptpd"
| #define VERSION "1.4.0"
| #define PPP_BINARY "/usr/sbin/pppd"
| #define PPTP_FACILITY LOG_DAEMON
| #define BCRELAY 1
| #define HAVE_SETSID 1
| #define HAVE_DAEMON 1
| /* end confdefs.h.  */
| /* Define setproctitle to an innocuous variant, in case <limits.h> declares setproctitle.
|    For example, HP-UX 11i <limits.h> declares gettimeofday.  */
| #define setproctitle innocuous_setproctitle
| 
| /* System header to define __stub macros and hopefully few prototypes,
|     which can conflict with char setproctitle (); below.
|     Prefer <limits.h> to <assert.h> if __STDC__ is defined, since
|     <limits.h> exists even on freestanding compilers.  */
| 
| #ifdef __STDC__
| # include <limits.h>
| #else
| # include <assert.h>
| #endif
| 
| #undef setproctitle
| 
| /* Override any GCC internal prototype to avoid an error.
|    Use char because int might match the return type of a GCC
|    builtin and then its argument prototype would still apply.  */
| #ifdef __cplusplus
| extern "C"
| #endif
| char setproctitle ();
| /* The GNU C library defines this for functions which it implements
|     to always fail with ENOSYS.  Some functions are actually named
|     something starting with __ and the normal name is an alias.  */
| #if defined __stub_setproctitle || defined __stub___setproctitle
| choke me
| #endif
| 
| int
| main ()
| {
| return setproctitle ();
|   ;
|   return 0;
| }
configure:4151: result: no
configure:4151: checking for getservbyname
configure:4151: ccache arm-linux-uclibc-gcc -o conftest -Os -pipe -mcpu=cortex-a9 -mtune=cortex-a9  -msoft-float -mfloat-abi=soft -fno-caller-saves -fno-plt  -D_GNU_SOURCE -ffunction-sections -fdata-sections -Wl,--gc-sections  -I/home/paldier/ddwrt/src/router/pppd/include -DNEED_PRINTF -Os -pipe -mcpu=cortex-a9 -mtune=cortex-a9  -msoft-float -mfloat-abi=soft -fno-caller-saves -fno-plt  -D_GNU_SOURCE -ffunction-sections -fdata-sections -Wl,--gc-sections  -I/home/paldier/ddwrt/src/router/pppd.new/include  conftest.c  >&5
configure:4151: $? = 0
configure:4151: result: yes
configure:4151: checking for strlcpy
configure:4151: ccache arm-linux-uclibc-gcc -o conftest -Os -pipe -mcpu=cortex-a9 -mtune=cortex-a9  -msoft-float -mfloat-abi=soft -fno-caller-saves -fno-plt  -D_GNU_SOURCE -ffunction-sections -fdata-sections -Wl,--gc-sections  -I/home/paldier/ddwrt/src/router/pppd/include -DNEED_PRINTF -Os -pipe -mcpu=cortex-a9 -mtune=cortex-a9  -msoft-float -mfloat-abi=soft -fno-caller-saves -fno-plt  -D_GNU_SOURCE -ffunction-sections -fdata-sections -Wl,--gc-sections  -I/home/paldier/ddwrt/src/router/pppd.new/include  conftest.c  >&5
configure:4151: $? = 0
configure:4151: result: yes
configure:4151: checking for fork
configure:4151: ccache arm-linux-uclibc-gcc -o conftest -Os -pipe -mcpu=cortex-a9 -mtune=cortex-a9  -msoft-float -mfloat-abi=soft -fno-caller-saves -fno-plt  -D_GNU_SOURCE -ffunction-sections -fdata-sections -Wl,--gc-sections  -I/home/paldier/ddwrt/src/router/pppd/include -DNEED_PRINTF -Os -pipe -mcpu=cortex-a9 -mtune=cortex-a9  -msoft-float -mfloat-abi=soft -fno-caller-saves -fno-plt  -D_GNU_SOURCE -ffunction-sections -fdata-sections -Wl,--gc-sections  -I/home/paldier/ddwrt/src/router/pppd.new/include  conftest.c  >&5
conftest.c:41:6: warning: conflicting types for built-in function 'fork' [-Wbuiltin-declaration-mismatch]
 char fork ();
      ^~~~
configure:4151: $? = 0
configure:4151: result: yes
configure:4151: checking for memmove
configure:4151: ccache arm-linux-uclibc-gcc -o conftest -Os -pipe -mcpu=cortex-a9 -mtune=cortex-a9  -msoft-float -mfloat-abi=soft -fno-caller-saves -fno-plt  -D_GNU_SOURCE -ffunction-sections -fdata-sections -Wl,--gc-sections  -I/home/paldier/ddwrt/src/router/pppd/include -DNEED_PRINTF -Os -pipe -mcpu=cortex-a9 -mtune=cortex-a9  -msoft-float -mfloat-abi=soft -fno-caller-saves -fno-plt  -D_GNU_SOURCE -ffunction-sections -fdata-sections -Wl,--gc-sections  -I/home/paldier/ddwrt/src/router/pppd.new/include  conftest.c  >&5
conftest.c:42:6: warning: conflicting types for built-in function 'memmove' [-Wbuiltin-declaration-mismatch]
 char memmove ();
      ^~~~~~~
configure:4151: $? = 0
configure:4151: result: yes
configure:4151: checking for strerror
configure:4151: ccache arm-linux-uclibc-gcc -o conftest -Os -pipe -mcpu=cortex-a9 -mtune=cortex-a9  -msoft-float -mfloat-abi=soft -fno-caller-saves -fno-plt  -D_GNU_SOURCE -ffunction-sections -fdata-sections -Wl,--gc-sections  -I/home/paldier/ddwrt/src/router/pppd/include -DNEED_PRINTF -Os -pipe -mcpu=cortex-a9 -mtune=cortex-a9  -msoft-float -mfloat-abi=soft -fno-caller-saves -fno-plt  -D_GNU_SOURCE -ffunction-sections -fdata-sections -Wl,--gc-sections  -I/home/paldier/ddwrt/src/router/pppd.new/include  conftest.c  >&5
configure:4151: $? = 0
configure:4151: result: yes
configure:4151: checking for writev
configure:4151: ccache arm-linux-uclibc-gcc -o conftest -Os -pipe -mcpu=cortex-a9 -mtune=cortex-a9  -msoft-float -mfloat-abi=soft -fno-caller-saves -fno-plt  -D_GNU_SOURCE -ffunction-sections -fdata-sections -Wl,--gc-sections  -I/home/paldier/ddwrt/src/router/pppd/include -DNEED_PRINTF -Os -pipe -mcpu=cortex-a9 -mtune=cortex-a9  -msoft-float -mfloat-abi=soft -fno-caller-saves -fno-plt  -D_GNU_SOURCE -ffunction-sections -fdata-sections -Wl,--gc-sections  -I/home/paldier/ddwrt/src/router/pppd.new/include  conftest.c  >&5
configure:4151: $? = 0
configure:4151: result: yes
configure:4166: checking how to run the C preprocessor
configure:4197: ccache arm-linux-uclibc-gcc -E -Os -pipe -mcpu=cortex-a9 -mtune=cortex-a9  -msoft-float -mfloat-abi=soft -fno-caller-saves -fno-plt  -D_GNU_SOURCE -ffunction-sections -fdata-sections -Wl,--gc-sections  -I/home/paldier/ddwrt/src/router/pppd.new/include conftest.c
configure:4197: $? = 0
configure:4211: ccache arm-linux-uclibc-gcc -E -Os -pipe -mcpu=cortex-a9 -mtune=cortex-a9  -msoft-float -mfloat-abi=soft -fno-caller-saves -fno-plt  -D_GNU_SOURCE -ffunction-sections -fdata-sections -Wl,--gc-sections  -I/home/paldier/ddwrt/src/router/pppd.new/include conftest.c
conftest.c:22:10: fatal error: ac_nonexistent.h: No such file or directory
 #include <ac_nonexistent.h>
          ^~~~~~~~~~~~~~~~~~
compilation terminated.
configure:4211: $? = 1
configure: failed program was:
| /* confdefs.h */
| #define PACKAGE_NAME ""
| #define PACKAGE_TARNAME ""
| #define PACKAGE_VERSION ""
| #define PACKAGE_STRING ""
| #define PACKAGE_BUGREPORT ""
| #define PACKAGE_URL ""
| #define PACKAGE "pptpd"
| #define VERSION "1.4.0"
| #define PPP_BINARY "/usr/sbin/pppd"
| #define PPTP_FACILITY LOG_DAEMON
| #define BCRELAY 1
| #define HAVE_SETSID 1
| #define HAVE_DAEMON 1
| #define HAVE_GETSERVBYNAME 1
| #define HAVE_STRLCPY 1
| #define HAVE_FORK 1
| #define HAVE_MEMMOVE 1
| #define HAVE_STRERROR 1
| #define HAVE_WRITEV 1
| /* end confdefs.h.  */
| #include <ac_nonexistent.h>
configure:4236: result: ccache arm-linux-uclibc-gcc -E
configure:4256: ccache arm-linux-uclibc-gcc -E -Os -pipe -mcpu=cortex-a9 -mtune=cortex-a9  -msoft-float -mfloat-abi=soft -fno-caller-saves -fno-plt  -D_GNU_SOURCE -ffunction-sections -fdata-sections -Wl,--gc-sections  -I/home/paldier/ddwrt/src/router/pppd.new/include conftest.c
configure:4256: $? = 0
configure:4270: ccache arm-linux-uclibc-gcc -E -Os -pipe -mcpu=cortex-a9 -mtune=cortex-a9  -msoft-float -mfloat-abi=soft -fno-caller-saves -fno-plt  -D_GNU_SOURCE -ffunction-sections -fdata-sections -Wl,--gc-sections  -I/home/paldier/ddwrt/src/router/pppd.new/include conftest.c
conftest.c:22:10: fatal error: ac_nonexistent.h: No such file or directory
 #include <ac_nonexistent.h>
          ^~~~~~~~~~~~~~~~~~
compilation terminated.
configure:4270: $? = 1
configure: failed program was:
| /* confdefs.h */
| #define PACKAGE_NAME ""
| #define PACKAGE_TARNAME ""
| #define PACKAGE_VERSION ""
| #define PACKAGE_STRING ""
| #define PACKAGE_BUGREPORT ""
| #define PACKAGE_URL ""
| #define PACKAGE "pptpd"
| #define VERSION "1.4.0"
| #define PPP_BINARY "/usr/sbin/pppd"
| #define PPTP_FACILITY LOG_DAEMON
| #define BCRELAY 1
| #define HAVE_SETSID 1
| #define HAVE_DAEMON 1
| #define HAVE_GETSERVBYNAME 1
| #define HAVE_STRLCPY 1
| #define HAVE_FORK 1
| #define HAVE_MEMMOVE 1
| #define HAVE_STRERROR 1
| #define HAVE_WRITEV 1
| /* end confdefs.h.  */
| #include <ac_nonexistent.h>
configure:4299: checking for grep that handles long lines and -e
configure:4357: result: /bin/grep
configure:4362: checking for egrep
configure:4424: result: /bin/grep -E
configure:4429: checking for ANSI C header files
configure:4449: ccache arm-linux-uclibc-gcc -c -Os -pipe -mcpu=cortex-a9 -mtune=cortex-a9  -msoft-float -mfloat-abi=soft -fno-caller-saves -fno-plt  -D_GNU_SOURCE -ffunction-sections -fdata-sections -Wl,--gc-sections  -I/home/paldier/ddwrt/src/router/pppd/include -DNEED_PRINTF -Os -pipe -mcpu=cortex-a9 -mtune=cortex-a9  -msoft-float -mfloat-abi=soft -fno-caller-saves -fno-plt  -D_GNU_SOURCE -ffunction-sections -fdata-sections -Wl,--gc-sections  -I/home/paldier/ddwrt/src/router/pppd.new/include conftest.c >&5
configure:4449: $? = 0
configure:4533: result: yes
configure:4546: checking for sys/types.h
configure:4546: ccache arm-linux-uclibc-gcc -c -Os -pipe -mcpu=cortex-a9 -mtune=cortex-a9  -msoft-float -mfloat-abi=soft -fno-caller-saves -fno-plt  -D_GNU_SOURCE -ffunction-sections -fdata-sections -Wl,--gc-sections  -I/home/paldier/ddwrt/src/router/pppd/include -DNEED_PRINTF -Os -pipe -mcpu=cortex-a9 -mtune=cortex-a9  -msoft-float -mfloat-abi=soft -fno-caller-saves -fno-plt  -D_GNU_SOURCE -ffunction-sections -fdata-sections -Wl,--gc-sections  -I/home/paldier/ddwrt/src/router/pppd.new/include conftest.c >&5
configure:4546: $? = 0
configure:4546: result: yes
configure:4546: checking for sys/stat.h
configure:4546: ccache arm-linux-uclibc-gcc -c -Os -pipe -mcpu=cortex-a9 -mtune=cortex-a9  -msoft-float -mfloat-abi=soft -fno-caller-saves -fno-plt  -D_GNU_SOURCE -ffunction-sections -fdata-sections -Wl,--gc-sections  -I/home/paldier/ddwrt/src/router/pppd/include -DNEED_PRINTF -Os -pipe -mcpu=cortex-a9 -mtune=cortex-a9  -msoft-float -mfloat-abi=soft -fno-caller-saves -fno-plt  -D_GNU_SOURCE -ffunction-sections -fdata-sections -Wl,--gc-sections  -I/home/paldier/ddwrt/src/router/pppd.new/include conftest.c >&5
configure:4546: $? = 0
configure:4546: result: yes
configure:4546: checking for stdlib.h
configure:4546: ccache arm-linux-uclibc-gcc -c -Os -pipe -mcpu=cortex-a9 -mtune=cortex-a9  -msoft-float -mfloat-abi=soft -fno-caller-saves -fno-plt  -D_GNU_SOURCE -ffunction-sections -fdata-sections -Wl,--gc-sections  -I/home/paldier/ddwrt/src/router/pppd/include -DNEED_PRINTF -Os -pipe -mcpu=cortex-a9 -mtune=cortex-a9  -msoft-float -mfloat-abi=soft -fno-caller-saves -fno-plt  -D_GNU_SOURCE -ffunction-sections -fdata-sections -Wl,--gc-sections  -I/home/paldier/ddwrt/src/router/pppd.new/include conftest.c >&5
configure:4546: $? = 0
configure:4546: result: yes
configure:4546: checking for string.h
configure:4546: ccache arm-linux-uclibc-gcc -c -Os -pipe -mcpu=cortex-a9 -mtune=cortex-a9  -msoft-float -mfloat-abi=soft -fno-caller-saves -fno-plt  -D_GNU_SOURCE -ffunction-sections -fdata-sections -Wl,--gc-sections  -I/home/paldier/ddwrt/src/router/pppd/include -DNEED_PRINTF -Os -pipe -mcpu=cortex-a9 -mtune=cortex-a9  -msoft-float -mfloat-abi=soft -fno-caller-saves -fno-plt  -D_GNU_SOURCE -ffunction-sections -fdata-sections -Wl,--gc-sections  -I/home/paldier/ddwrt/src/router/pppd.new/include conftest.c >&5
configure:4546: $? = 0
configure:4546: result: yes
configure:4546: checking for memory.h
configure:4546: ccache arm-linux-uclibc-gcc -c -Os -pipe -mcpu=cortex-a9 -mtune=cortex-a9  -msoft-float -mfloat-abi=soft -fno-caller-saves -fno-plt  -D_GNU_SOURCE -ffunction-sections -fdata-sections -Wl,--gc-sections  -I/home/paldier/ddwrt/src/router/pppd/include -DNEED_PRINTF -Os -pipe -mcpu=cortex-a9 -mtune=cortex-a9  -msoft-float -mfloat-abi=soft -fno-caller-saves -fno-plt  -D_GNU_SOURCE -ffunction-sections -fdata-sections -Wl,--gc-sections  -I/home/paldier/ddwrt/src/router/pppd.new/include conftest.c >&5
configure:4546: $? = 0
configure:4546: result: yes
configure:4546: checking for strings.h
configure:4546: ccache arm-linux-uclibc-gcc -c -Os -pipe -mcpu=cortex-a9 -mtune=cortex-a9  -msoft-float -mfloat-abi=soft -fno-caller-saves -fno-plt  -D_GNU_SOURCE -ffunction-sections -fdata-sections -Wl,--gc-sections  -I/home/paldier/ddwrt/src/router/pppd/include -DNEED_PRINTF -Os -pipe -mcpu=cortex-a9 -mtune=cortex-a9  -msoft-float -mfloat-abi=soft -fno-caller-saves -fno-plt  -D_GNU_SOURCE -ffunction-sections -fdata-sections -Wl,--gc-sections  -I/home/paldier/ddwrt/src/router/pppd.new/include conftest.c >&5
configure:4546: $? = 0
configure:4546: result: yes
configure:4546: checking for inttypes.h
configure:4546: ccache arm-linux-uclibc-gcc -c -Os -pipe -mcpu=cortex-a9 -mtune=cortex-a9  -msoft-float -mfloat-abi=soft -fno-caller-saves -fno-plt  -D_GNU_SOURCE -ffunction-sections -fdata-sections -Wl,--gc-sections  -I/home/paldier/ddwrt/src/router/pppd/include -DNEED_PRINTF -Os -pipe -mcpu=cortex-a9 -mtune=cortex-a9  -msoft-float -mfloat-abi=soft -fno-caller-saves -fno-plt  -D_GNU_SOURCE -ffunction-sections -fdata-sections -Wl,--gc-sections  -I/home/paldier/ddwrt/src/router/pppd.new/include conftest.c >&5
configure:4546: $? = 0
configure:4546: result: yes
configure:4546: checking for stdint.h
configure:4546: ccache arm-linux-uclibc-gcc -c -Os -pipe -mcpu=cortex-a9 -mtune=cortex-a9  -msoft-float -mfloat-abi=soft -fno-caller-saves -fno-plt  -D_GNU_SOURCE -ffunction-sections -fdata-sections -Wl,--gc-sections  -I/home/paldier/ddwrt/src/router/pppd/include -DNEED_PRINTF -Os -pipe -mcpu=cortex-a9 -mtune=cortex-a9  -msoft-float -mfloat-abi=soft -fno-caller-saves -fno-plt  -D_GNU_SOURCE -ffunction-sections -fdata-sections -Wl,--gc-sections  -I/home/paldier/ddwrt/src/router/pppd.new/include conftest.c >&5
configure:4546: $? = 0
configure:4546: result: yes
configure:4546: checking for unistd.h
configure:4546: ccache arm-linux-uclibc-gcc -c -Os -pipe -mcpu=cortex-a9 -mtune=cortex-a9  -msoft-float -mfloat-abi=soft -fno-caller-saves -fno-plt  -D_GNU_SOURCE -ffunction-sections -fdata-sections -Wl,--gc-sections  -I/home/paldier/ddwrt/src/router/pppd/include -DNEED_PRINTF -Os -pipe -mcpu=cortex-a9 -mtune=cortex-a9  -msoft-float -mfloat-abi=soft -fno-caller-saves -fno-plt  -D_GNU_SOURCE -ffunction-sections -fdata-sections -Wl,--gc-sections  -I/home/paldier/ddwrt/src/router/pppd.new/include conftest.c >&5
configure:4546: $? = 0
configure:4546: result: yes
configure:4560: checking pty.h usability
configure:4560: ccache arm-linux-uclibc-gcc -c -Os -pipe -mcpu=cortex-a9 -mtune=cortex-a9  -msoft-float -mfloat-abi=soft -fno-caller-saves -fno-plt  -D_GNU_SOURCE -ffunction-sections -fdata-sections -Wl,--gc-sections  -I/home/paldier/ddwrt/src/router/pppd/include -DNEED_PRINTF -Os -pipe -mcpu=cortex-a9 -mtune=cortex-a9  -msoft-float -mfloat-abi=soft -fno-caller-saves -fno-plt  -D_GNU_SOURCE -ffunction-sections -fdata-sections -Wl,--gc-sections  -I/home/paldier/ddwrt/src/router/pppd.new/include conftest.c >&5
configure:4560: $? = 0
configure:4560: result: yes
configure:4560: checking pty.h presence
configure:4560: ccache arm-linux-uclibc-gcc -E -Os -pipe -mcpu=cortex-a9 -mtune=cortex-a9  -msoft-float -mfloat-abi=soft -fno-caller-saves -fno-plt  -D_GNU_SOURCE -ffunction-sections -fdata-sections -Wl,--gc-sections  -I/home/paldier/ddwrt/src/router/pppd.new/include conftest.c
configure:4560: $? = 0
configure:4560: result: yes
configure:4560: checking for pty.h
configure:4560: result: yes
configure:4572: checking for string.h
configure:4572: result: yes
configure:4584: checking syslog.h usability
configure:4584: ccache arm-linux-uclibc-gcc -c -Os -pipe -mcpu=cortex-a9 -mtune=cortex-a9  -msoft-float -mfloat-abi=soft -fno-caller-saves -fno-plt  -D_GNU_SOURCE -ffunction-sections -fdata-sections -Wl,--gc-sections  -I/home/paldier/ddwrt/src/router/pppd/include -DNEED_PRINTF -Os -pipe -mcpu=cortex-a9 -mtune=cortex-a9  -msoft-float -mfloat-abi=soft -fno-caller-saves -fno-plt  -D_GNU_SOURCE -ffunction-sections -fdata-sections -Wl,--gc-sections  -I/home/paldier/ddwrt/src/router/pppd.new/include conftest.c >&5
configure:4584: $? = 0
configure:4584: result: yes
configure:4584: checking syslog.h presence
configure:4584: ccache arm-linux-uclibc-gcc -E -Os -pipe -mcpu=cortex-a9 -mtune=cortex-a9  -msoft-float -mfloat-abi=soft -fno-caller-saves -fno-plt  -D_GNU_SOURCE -ffunction-sections -fdata-sections -Wl,--gc-sections  -I/home/paldier/ddwrt/src/router/pppd.new/include conftest.c
configure:4584: $? = 0
configure:4584: result: yes
configure:4584: checking for syslog.h
configure:4584: result: yes
configure:4596: checking libintl.h usability
configure:4596: ccache arm-linux-uclibc-gcc -c -Os -pipe -mcpu=cortex-a9 -mtune=cortex-a9  -msoft-float -mfloat-abi=soft -fno-caller-saves -fno-plt  -D_GNU_SOURCE -ffunction-sections -fdata-sections -Wl,--gc-sections  -I/home/paldier/ddwrt/src/router/pppd/include -DNEED_PRINTF -Os -pipe -mcpu=cortex-a9 -mtune=cortex-a9  -msoft-float -mfloat-abi=soft -fno-caller-saves -fno-plt  -D_GNU_SOURCE -ffunction-sections -fdata-sections -Wl,--gc-sections  -I/home/paldier/ddwrt/src/router/pppd.new/include conftest.c >&5
configure:4596: $? = 0
configure:4596: result: yes
configure:4596: checking libintl.h presence
configure:4596: ccache arm-linux-uclibc-gcc -E -Os -pipe -mcpu=cortex-a9 -mtune=cortex-a9  -msoft-float -mfloat-abi=soft -fno-caller-saves -fno-plt  -D_GNU_SOURCE -ffunction-sections -fdata-sections -Wl,--gc-sections  -I/home/paldier/ddwrt/src/router/pppd.new/include conftest.c
configure:4596: $? = 0
configure:4596: result: yes
configure:4596: checking for libintl.h
configure:4596: result: yes
configure:4608: checking libutil.h usability
configure:4608: ccache arm-linux-uclibc-gcc -c -Os -pipe -mcpu=cortex-a9 -mtune=cortex-a9  -msoft-float -mfloat-abi=soft -fno-caller-saves -fno-plt  -D_GNU_SOURCE -ffunction-sections -fdata-sections -Wl,--gc-sections  -I/home/paldier/ddwrt/src/router/pppd/include -DNEED_PRINTF -Os -pipe -mcpu=cortex-a9 -mtune=cortex-a9  -msoft-float -mfloat-abi=soft -fno-caller-saves -fno-plt  -D_GNU_SOURCE -ffunction-sections -fdata-sections -Wl,--gc-sections  -I/home/paldier/ddwrt/src/router/pppd.new/include conftest.c >&5
conftest.c:69:10: fatal error: libutil.h: No such file or directory
 #include <libutil.h>
          ^~~~~~~~~~~
compilation terminated.
configure:4608: $? = 1
configure: failed program was:
| /* confdefs.h */
| #define PACKAGE_NAME ""
| #define PACKAGE_TARNAME ""
| #define PACKAGE_VERSION ""
| #define PACKAGE_STRING ""
| #define PACKAGE_BUGREPORT ""
| #define PACKAGE_URL ""
| #define PACKAGE "pptpd"
| #define VERSION "1.4.0"
| #define PPP_BINARY "/usr/sbin/pppd"
| #define PPTP_FACILITY LOG_DAEMON
| #define BCRELAY 1
| #define HAVE_SETSID 1
| #define HAVE_DAEMON 1
| #define HAVE_GETSERVBYNAME 1
| #define HAVE_STRLCPY 1
| #define HAVE_FORK 1
| #define HAVE_MEMMOVE 1
| #define HAVE_STRERROR 1
| #define HAVE_WRITEV 1
| #define STDC_HEADERS 1
| #define HAVE_SYS_TYPES_H 1
| #define HAVE_SYS_STAT_H 1
| #define HAVE_STDLIB_H 1
| #define HAVE_STRING_H 1
| #define HAVE_MEMORY_H 1
| #define HAVE_STRINGS_H 1
| #define HAVE_INTTYPES_H 1
| #define HAVE_STDINT_H 1
| #define HAVE_UNISTD_H 1
| #define HAVE_PTY_H 1
| #define HAVE_STRING_H 1
| #define HAVE_SYSLOG_H 1
| #define HAVE_LIBINTL_H 1
| /* end confdefs.h.  */
| #include <stdio.h>
| #ifdef HAVE_SYS_TYPES_H
| # include <sys/types.h>
| #endif
| #ifdef HAVE_SYS_STAT_H
| # include <sys/stat.h>
| #endif
| #ifdef STDC_HEADERS
| # include <stdlib.h>
| # include <stddef.h>
| #else
| # ifdef HAVE_STDLIB_H
| #  include <stdlib.h>
| # endif
| #endif
| #ifdef HAVE_STRING_H
| # if !defined STDC_HEADERS && defined HAVE_MEMORY_H
| #  include <memory.h>
| # endif
| # include <string.h>
| #endif
| #ifdef HAVE_STRINGS_H
| # include <strings.h>
| #endif
| #ifdef HAVE_INTTYPES_H
| # include <inttypes.h>
| #endif
| #ifdef HAVE_STDINT_H
| # include <stdint.h>
| #endif
| #ifdef HAVE_UNISTD_H
| # include <unistd.h>
| #endif
| #include <libutil.h>
configure:4608: result: no
configure:4608: checking libutil.h presence
configure:4608: ccache arm-linux-uclibc-gcc -E -Os -pipe -mcpu=cortex-a9 -mtune=cortex-a9  -msoft-float -mfloat-abi=soft -fno-caller-saves -fno-plt  -D_GNU_SOURCE -ffunction-sections -fdata-sections -Wl,--gc-sections  -I/home/paldier/ddwrt/src/router/pppd.new/include conftest.c
conftest.c:36:10: fatal error: libutil.h: No such file or directory
 #include <libutil.h>
          ^~~~~~~~~~~
compilation terminated.
configure:4608: $? = 1
configure: failed program was:
| /* confdefs.h */
| #define PACKAGE_NAME ""
| #define PACKAGE_TARNAME ""
| #define PACKAGE_VERSION ""
| #define PACKAGE_STRING ""
| #define PACKAGE_BUGREPORT ""
| #define PACKAGE_URL ""
| #define PACKAGE "pptpd"
| #define VERSION "1.4.0"
| #define PPP_BINARY "/usr/sbin/pppd"
| #define PPTP_FACILITY LOG_DAEMON
| #define BCRELAY 1
| #define HAVE_SETSID 1
| #define HAVE_DAEMON 1
| #define HAVE_GETSERVBYNAME 1
| #define HAVE_STRLCPY 1
| #define HAVE_FORK 1
| #define HAVE_MEMMOVE 1
| #define HAVE_STRERROR 1
| #define HAVE_WRITEV 1
| #define STDC_HEADERS 1
| #define HAVE_SYS_TYPES_H 1
| #define HAVE_SYS_STAT_H 1
| #define HAVE_STDLIB_H 1
| #define HAVE_STRING_H 1
| #define HAVE_MEMORY_H 1
| #define HAVE_STRINGS_H 1
| #define HAVE_INTTYPES_H 1
| #define HAVE_STDINT_H 1
| #define HAVE_UNISTD_H 1
| #define HAVE_PTY_H 1
| #define HAVE_STRING_H 1
| #define HAVE_SYSLOG_H 1
| #define HAVE_LIBINTL_H 1
| /* end confdefs.h.  */
| #include <libutil.h>
configure:4608: result: no
configure:4608: checking for libutil.h
configure:4608: result: no
configure:4620: checking sys/uio.h usability
configure:4620: ccache arm-linux-uclibc-gcc -c -Os -pipe -mcpu=cortex-a9 -mtune=cortex-a9  -msoft-float -mfloat-abi=soft -fno-caller-saves -fno-plt  -D_GNU_SOURCE -ffunction-sections -fdata-sections -Wl,--gc-sections  -I/home/paldier/ddwrt/src/router/pppd/include -DNEED_PRINTF -Os -pipe -mcpu=cortex-a9 -mtune=cortex-a9  -msoft-float -mfloat-abi=soft -fno-caller-saves -fno-plt  -D_GNU_SOURCE -ffunction-sections -fdata-sections -Wl,--gc-sections  -I/home/paldier/ddwrt/src/router/pppd.new/include conftest.c >&5
configure:4620: $? = 0
configure:4620: result: yes
configure:4620: checking sys/uio.h presence
configure:4620: ccache arm-linux-uclibc-gcc -E -Os -pipe -mcpu=cortex-a9 -mtune=cortex-a9  -msoft-float -mfloat-abi=soft -fno-caller-saves -fno-plt  -D_GNU_SOURCE -ffunction-sections -fdata-sections -Wl,--gc-sections  -I/home/paldier/ddwrt/src/router/pppd.new/include conftest.c
configure:4620: $? = 0
configure:4620: result: yes
configure:4620: checking for sys/uio.h
configure:4620: result: yes
configure:4631: checking for size_t
configure:4631: ccache arm-linux-uclibc-gcc -c -Os -pipe -mcpu=cortex-a9 -mtune=cortex-a9  -msoft-float -mfloat-abi=soft -fno-caller-saves -fno-plt  -D_GNU_SOURCE -ffunction-sections -fdata-sections -Wl,--gc-sections  -I/home/paldier/ddwrt/src/router/pppd/include -DNEED_PRINTF -Os -pipe -mcpu=cortex-a9 -mtune=cortex-a9  -msoft-float -mfloat-abi=soft -fno-caller-saves -fno-plt  -D_GNU_SOURCE -ffunction-sections -fdata-sections -Wl,--gc-sections  -I/home/paldier/ddwrt/src/router/pppd.new/include conftest.c >&5
configure:4631: $? = 0
configure:4631: ccache arm-linux-uclibc-gcc -c -Os -pipe -mcpu=cortex-a9 -mtune=cortex-a9  -msoft-float -mfloat-abi=soft -fno-caller-saves -fno-plt  -D_GNU_SOURCE -ffunction-sections -fdata-sections -Wl,--gc-sections  -I/home/paldier/ddwrt/src/router/pppd/include -DNEED_PRINTF -Os -pipe -mcpu=cortex-a9 -mtune=cortex-a9  -msoft-float -mfloat-abi=soft -fno-caller-saves -fno-plt  -D_GNU_SOURCE -ffunction-sections -fdata-sections -Wl,--gc-sections  -I/home/paldier/ddwrt/src/router/pppd.new/include conftest.c >&5
conftest.c: In function 'main':
conftest.c:73:21: error: expected expression before ')' token
 if (sizeof ((size_t)))
                     ^
configure:4631: $? = 1
configure: failed program was:
| /* confdefs.h */
| #define PACKAGE_NAME ""
| #define PACKAGE_TARNAME ""
| #define PACKAGE_VERSION ""
| #define PACKAGE_STRING ""
| #define PACKAGE_BUGREPORT ""
| #define PACKAGE_URL ""
| #define PACKAGE "pptpd"
| #define VERSION "1.4.0"
| #define PPP_BINARY "/usr/sbin/pppd"
| #define PPTP_FACILITY LOG_DAEMON
| #define BCRELAY 1
| #define HAVE_SETSID 1
| #define HAVE_DAEMON 1
| #define HAVE_GETSERVBYNAME 1
| #define HAVE_STRLCPY 1
| #define HAVE_FORK 1
| #define HAVE_MEMMOVE 1
| #define HAVE_STRERROR 1
| #define HAVE_WRITEV 1
| #define STDC_HEADERS 1
| #define HAVE_SYS_TYPES_H 1
| #define HAVE_SYS_STAT_H 1
| #define HAVE_STDLIB_H 1
| #define HAVE_STRING_H 1
| #define HAVE_MEMORY_H 1
| #define HAVE_STRINGS_H 1
| #define HAVE_INTTYPES_H 1
| #define HAVE_STDINT_H 1
| #define HAVE_UNISTD_H 1
| #define HAVE_PTY_H 1
| #define HAVE_STRING_H 1
| #define HAVE_SYSLOG_H 1
| #define HAVE_LIBINTL_H 1
| #define HAVE_SYS_UIO_H 1
| /* end confdefs.h.  */
| #include <stdio.h>
| #ifdef HAVE_SYS_TYPES_H
| # include <sys/types.h>
| #endif
| #ifdef HAVE_SYS_STAT_H
| # include <sys/stat.h>
| #endif
| #ifdef STDC_HEADERS
| # include <stdlib.h>
| # include <stddef.h>
| #else
| # ifdef HAVE_STDLIB_H
| #  include <stdlib.h>
| # endif
| #endif
| #ifdef HAVE_STRING_H
| # if !defined STDC_HEADERS && defined HAVE_MEMORY_H
| #  include <memory.h>
| # endif
| # include <string.h>
| #endif
| #ifdef HAVE_STRINGS_H
| # include <strings.h>
| #endif
| #ifdef HAVE_INTTYPES_H
| # include <inttypes.h>
| #endif
| #ifdef HAVE_STDINT_H
| # include <stdint.h>
| #endif
| #ifdef HAVE_UNISTD_H
| # include <unistd.h>
| #endif
| int
| main ()
| {
| if (sizeof ((size_t)))
| 	    return 0;
|   ;
|   return 0;
| }
configure:4631: result: yes
configure:4642: checking for ssize_t
configure:4642: ccache arm-linux-uclibc-gcc -c -Os -pipe -mcpu=cortex-a9 -mtune=cortex-a9  -msoft-float -mfloat-abi=soft -fno-caller-saves -fno-plt  -D_GNU_SOURCE -ffunction-sections -fdata-sections -Wl,--gc-sections  -I/home/paldier/ddwrt/src/router/pppd/include -DNEED_PRINTF -Os -pipe -mcpu=cortex-a9 -mtune=cortex-a9  -msoft-float -mfloat-abi=soft -fno-caller-saves -fno-plt  -D_GNU_SOURCE -ffunction-sections -fdata-sections -Wl,--gc-sections  -I/home/paldier/ddwrt/src/router/pppd.new/include conftest.c >&5
configure:4642: $? = 0
configure:4642: ccache arm-linux-uclibc-gcc -c -Os -pipe -mcpu=cortex-a9 -mtune=cortex-a9  -msoft-float -mfloat-abi=soft -fno-caller-saves -fno-plt  -D_GNU_SOURCE -ffunction-sections -fdata-sections -Wl,--gc-sections  -I/home/paldier/ddwrt/src/router/pppd/include -DNEED_PRINTF -Os -pipe -mcpu=cortex-a9 -mtune=cortex-a9  -msoft-float -mfloat-abi=soft -fno-caller-saves -fno-plt  -D_GNU_SOURCE -ffunction-sections -fdata-sections -Wl,--gc-sections  -I/home/paldier/ddwrt/src/router/pppd.new/include conftest.c >&5
conftest.c: In function 'main':
conftest.c:73:22: error: expected expression before ')' token
 if (sizeof ((ssize_t)))
                      ^
configure:4642: $? = 1
configure: failed program was:
| /* confdefs.h */
| #define PACKAGE_NAME ""
| #define PACKAGE_TARNAME ""
| #define PACKAGE_VERSION ""
| #define PACKAGE_STRING ""
| #define PACKAGE_BUGREPORT ""
| #define PACKAGE_URL ""
| #define PACKAGE "pptpd"
| #define VERSION "1.4.0"
| #define PPP_BINARY "/usr/sbin/pppd"
| #define PPTP_FACILITY LOG_DAEMON
| #define BCRELAY 1
| #define HAVE_SETSID 1
| #define HAVE_DAEMON 1
| #define HAVE_GETSERVBYNAME 1
| #define HAVE_STRLCPY 1
| #define HAVE_FORK 1
| #define HAVE_MEMMOVE 1
| #define HAVE_STRERROR 1
| #define HAVE_WRITEV 1
| #define STDC_HEADERS 1
| #define HAVE_SYS_TYPES_H 1
| #define HAVE_SYS_STAT_H 1
| #define HAVE_STDLIB_H 1
| #define HAVE_STRING_H 1
| #define HAVE_MEMORY_H 1
| #define HAVE_STRINGS_H 1
| #define HAVE_INTTYPES_H 1
| #define HAVE_STDINT_H 1
| #define HAVE_UNISTD_H 1
| #define HAVE_PTY_H 1
| #define HAVE_STRING_H 1
| #define HAVE_SYSLOG_H 1
| #define HAVE_LIBINTL_H 1
| #define HAVE_SYS_UIO_H 1
| /* end confdefs.h.  */
| #include <stdio.h>
| #ifdef HAVE_SYS_TYPES_H
| # include <sys/types.h>
| #endif
| #ifdef HAVE_SYS_STAT_H
| # include <sys/stat.h>
| #endif
| #ifdef STDC_HEADERS
| # include <stdlib.h>
| # include <stddef.h>
| #else
| # ifdef HAVE_STDLIB_H
| #  include <stdlib.h>
| # endif
| #endif
| #ifdef HAVE_STRING_H
| # if !defined STDC_HEADERS && defined HAVE_MEMORY_H
| #  include <memory.h>
| # endif
| # include <string.h>
| #endif
| #ifdef HAVE_STRINGS_H
| # include <strings.h>
| #endif
| #ifdef HAVE_INTTYPES_H
| # include <inttypes.h>
| #endif
| #ifdef HAVE_STDINT_H
| # include <stdint.h>
| #endif
| #ifdef HAVE_UNISTD_H
| # include <unistd.h>
| #endif
| int
| main ()
| {
| if (sizeof ((ssize_t)))
| 	    return 0;
|   ;
|   return 0;
| }
configure:4642: result: yes
configure:4653: checking for u_int8_t
configure:4653: ccache arm-linux-uclibc-gcc -c -Os -pipe -mcpu=cortex-a9 -mtune=cortex-a9  -msoft-float -mfloat-abi=soft -fno-caller-saves -fno-plt  -D_GNU_SOURCE -ffunction-sections -fdata-sections -Wl,--gc-sections  -I/home/paldier/ddwrt/src/router/pppd/include -DNEED_PRINTF -Os -pipe -mcpu=cortex-a9 -mtune=cortex-a9  -msoft-float -mfloat-abi=soft -fno-caller-saves -fno-plt  -D_GNU_SOURCE -ffunction-sections -fdata-sections -Wl,--gc-sections  -I/home/paldier/ddwrt/src/router/pppd.new/include conftest.c >&5
configure:4653: $? = 0
configure:4653: ccache arm-linux-uclibc-gcc -c -Os -pipe -mcpu=cortex-a9 -mtune=cortex-a9  -msoft-float -mfloat-abi=soft -fno-caller-saves -fno-plt  -D_GNU_SOURCE -ffunction-sections -fdata-sections -Wl,--gc-sections  -I/home/paldier/ddwrt/src/router/pppd/include -DNEED_PRINTF -Os -pipe -mcpu=cortex-a9 -mtune=cortex-a9  -msoft-float -mfloat-abi=soft -fno-caller-saves -fno-plt  -D_GNU_SOURCE -ffunction-sections -fdata-sections -Wl,--gc-sections  -I/home/paldier/ddwrt/src/router/pppd.new/include conftest.c >&5
conftest.c: In function 'main':
conftest.c:73:23: error: expected expression before ')' token
 if (sizeof ((u_int8_t)))
                       ^
configure:4653: $? = 1
configure: failed program was:
| /* confdefs.h */
| #define PACKAGE_NAME ""
| #define PACKAGE_TARNAME ""
| #define PACKAGE_VERSION ""
| #define PACKAGE_STRING ""
| #define PACKAGE_BUGREPORT ""
| #define PACKAGE_URL ""
| #define PACKAGE "pptpd"
| #define VERSION "1.4.0"
| #define PPP_BINARY "/usr/sbin/pppd"
| #define PPTP_FACILITY LOG_DAEMON
| #define BCRELAY 1
| #define HAVE_SETSID 1
| #define HAVE_DAEMON 1
| #define HAVE_GETSERVBYNAME 1
| #define HAVE_STRLCPY 1
| #define HAVE_FORK 1
| #define HAVE_MEMMOVE 1
| #define HAVE_STRERROR 1
| #define HAVE_WRITEV 1
| #define STDC_HEADERS 1
| #define HAVE_SYS_TYPES_H 1
| #define HAVE_SYS_STAT_H 1
| #define HAVE_STDLIB_H 1
| #define HAVE_STRING_H 1
| #define HAVE_MEMORY_H 1
| #define HAVE_STRINGS_H 1
| #define HAVE_INTTYPES_H 1
| #define HAVE_STDINT_H 1
| #define HAVE_UNISTD_H 1
| #define HAVE_PTY_H 1
| #define HAVE_STRING_H 1
| #define HAVE_SYSLOG_H 1
| #define HAVE_LIBINTL_H 1
| #define HAVE_SYS_UIO_H 1
| /* end confdefs.h.  */
| #include <stdio.h>
| #ifdef HAVE_SYS_TYPES_H
| # include <sys/types.h>
| #endif
| #ifdef HAVE_SYS_STAT_H
| # include <sys/stat.h>
| #endif
| #ifdef STDC_HEADERS
| # include <stdlib.h>
| # include <stddef.h>
| #else
| # ifdef HAVE_STDLIB_H
| #  include <stdlib.h>
| # endif
| #endif
| #ifdef HAVE_STRING_H
| # if !defined STDC_HEADERS && defined HAVE_MEMORY_H
| #  include <memory.h>
| # endif
| # include <string.h>
| #endif
| #ifdef HAVE_STRINGS_H
| # include <strings.h>
| #endif
| #ifdef HAVE_INTTYPES_H
| # include <inttypes.h>
| #endif
| #ifdef HAVE_STDINT_H
| # include <stdint.h>
| #endif
| #ifdef HAVE_UNISTD_H
| # include <unistd.h>
| #endif
| int
| main ()
| {
| if (sizeof ((u_int8_t)))
| 	    return 0;
|   ;
|   return 0;
| }
configure:4653: result: yes
configure:4664: checking for u_int16_t
configure:4664: ccache arm-linux-uclibc-gcc -c -Os -pipe -mcpu=cortex-a9 -mtune=cortex-a9  -msoft-float -mfloat-abi=soft -fno-caller-saves -fno-plt  -D_GNU_SOURCE -ffunction-sections -fdata-sections -Wl,--gc-sections  -I/home/paldier/ddwrt/src/router/pppd/include -DNEED_PRINTF -Os -pipe -mcpu=cortex-a9 -mtune=cortex-a9  -msoft-float -mfloat-abi=soft -fno-caller-saves -fno-plt  -D_GNU_SOURCE -ffunction-sections -fdata-sections -Wl,--gc-sections  -I/home/paldier/ddwrt/src/router/pppd.new/include conftest.c >&5
configure:4664: $? = 0
configure:4664: ccache arm-linux-uclibc-gcc -c -Os -pipe -mcpu=cortex-a9 -mtune=cortex-a9  -msoft-float -mfloat-abi=soft -fno-caller-saves -fno-plt  -D_GNU_SOURCE -ffunction-sections -fdata-sections -Wl,--gc-sections  -I/home/paldier/ddwrt/src/router/pppd/include -DNEED_PRINTF -Os -pipe -mcpu=cortex-a9 -mtune=cortex-a9  -msoft-float -mfloat-abi=soft -fno-caller-saves -fno-plt  -D_GNU_SOURCE -ffunction-sections -fdata-sections -Wl,--gc-sections  -I/home/paldier/ddwrt/src/router/pppd.new/include conftest.c >&5
conftest.c: In function 'main':
conftest.c:73:24: error: expected expression before ')' token
 if (sizeof ((u_int16_t)))
                        ^
configure:4664: $? = 1
configure: failed program was:
| /* confdefs.h */
| #define PACKAGE_NAME ""
| #define PACKAGE_TARNAME ""
| #define PACKAGE_VERSION ""
| #define PACKAGE_STRING ""
| #define PACKAGE_BUGREPORT ""
| #define PACKAGE_URL ""
| #define PACKAGE "pptpd"
| #define VERSION "1.4.0"
| #define PPP_BINARY "/usr/sbin/pppd"
| #define PPTP_FACILITY LOG_DAEMON
| #define BCRELAY 1
| #define HAVE_SETSID 1
| #define HAVE_DAEMON 1
| #define HAVE_GETSERVBYNAME 1
| #define HAVE_STRLCPY 1
| #define HAVE_FORK 1
| #define HAVE_MEMMOVE 1
| #define HAVE_STRERROR 1
| #define HAVE_WRITEV 1
| #define STDC_HEADERS 1
| #define HAVE_SYS_TYPES_H 1
| #define HAVE_SYS_STAT_H 1
| #define HAVE_STDLIB_H 1
| #define HAVE_STRING_H 1
| #define HAVE_MEMORY_H 1
| #define HAVE_STRINGS_H 1
| #define HAVE_INTTYPES_H 1
| #define HAVE_STDINT_H 1
| #define HAVE_UNISTD_H 1
| #define HAVE_PTY_H 1
| #define HAVE_STRING_H 1
| #define HAVE_SYSLOG_H 1
| #define HAVE_LIBINTL_H 1
| #define HAVE_SYS_UIO_H 1
| /* end confdefs.h.  */
| #include <stdio.h>
| #ifdef HAVE_SYS_TYPES_H
| # include <sys/types.h>
| #endif
| #ifdef HAVE_SYS_STAT_H
| # include <sys/stat.h>
| #endif
| #ifdef STDC_HEADERS
| # include <stdlib.h>
| # include <stddef.h>
| #else
| # ifdef HAVE_STDLIB_H
| #  include <stdlib.h>
| # endif
| #endif
| #ifdef HAVE_STRING_H
| # if !defined STDC_HEADERS && defined HAVE_MEMORY_H
| #  include <memory.h>
| # endif
| # include <string.h>
| #endif
| #ifdef HAVE_STRINGS_H
| # include <strings.h>
| #endif
| #ifdef HAVE_INTTYPES_H
| # include <inttypes.h>
| #endif
| #ifdef HAVE_STDINT_H
| # include <stdint.h>
| #endif
| #ifdef HAVE_UNISTD_H
| # include <unistd.h>
| #endif
| int
| main ()
| {
| if (sizeof ((u_int16_t)))
| 	    return 0;
|   ;
|   return 0;
| }
configure:4664: result: yes
configure:4675: checking for u_int32_t
configure:4675: ccache arm-linux-uclibc-gcc -c -Os -pipe -mcpu=cortex-a9 -mtune=cortex-a9  -msoft-float -mfloat-abi=soft -fno-caller-saves -fno-plt  -D_GNU_SOURCE -ffunction-sections -fdata-sections -Wl,--gc-sections  -I/home/paldier/ddwrt/src/router/pppd/include -DNEED_PRINTF -Os -pipe -mcpu=cortex-a9 -mtune=cortex-a9  -msoft-float -mfloat-abi=soft -fno-caller-saves -fno-plt  -D_GNU_SOURCE -ffunction-sections -fdata-sections -Wl,--gc-sections  -I/home/paldier/ddwrt/src/router/pppd.new/include conftest.c >&5
configure:4675: $? = 0
configure:4675: ccache arm-linux-uclibc-gcc -c -Os -pipe -mcpu=cortex-a9 -mtune=cortex-a9  -msoft-float -mfloat-abi=soft -fno-caller-saves -fno-plt  -D_GNU_SOURCE -ffunction-sections -fdata-sections -Wl,--gc-sections  -I/home/paldier/ddwrt/src/router/pppd/include -DNEED_PRINTF -Os -pipe -mcpu=cortex-a9 -mtune=cortex-a9  -msoft-float -mfloat-abi=soft -fno-caller-saves -fno-plt  -D_GNU_SOURCE -ffunction-sections -fdata-sections -Wl,--gc-sections  -I/home/paldier/ddwrt/src/router/pppd.new/include conftest.c >&5
conftest.c: In function 'main':
conftest.c:73:24: error: expected expression before ')' token
 if (sizeof ((u_int32_t)))
                        ^
configure:4675: $? = 1
configure: failed program was:
| /* confdefs.h */
| #define PACKAGE_NAME ""
| #define PACKAGE_TARNAME ""
| #define PACKAGE_VERSION ""
| #define PACKAGE_STRING ""
| #define PACKAGE_BUGREPORT ""
| #define PACKAGE_URL ""
| #define PACKAGE "pptpd"
| #define VERSION "1.4.0"
| #define PPP_BINARY "/usr/sbin/pppd"
| #define PPTP_FACILITY LOG_DAEMON
| #define BCRELAY 1
| #define HAVE_SETSID 1
| #define HAVE_DAEMON 1
| #define HAVE_GETSERVBYNAME 1
| #define HAVE_STRLCPY 1
| #define HAVE_FORK 1
| #define HAVE_MEMMOVE 1
| #define HAVE_STRERROR 1
| #define HAVE_WRITEV 1
| #define STDC_HEADERS 1
| #define HAVE_SYS_TYPES_H 1
| #define HAVE_SYS_STAT_H 1
| #define HAVE_STDLIB_H 1
| #define HAVE_STRING_H 1
| #define HAVE_MEMORY_H 1
| #define HAVE_STRINGS_H 1
| #define HAVE_INTTYPES_H 1
| #define HAVE_STDINT_H 1
| #define HAVE_UNISTD_H 1
| #define HAVE_PTY_H 1
| #define HAVE_STRING_H 1
| #define HAVE_SYSLOG_H 1
| #define HAVE_LIBINTL_H 1
| #define HAVE_SYS_UIO_H 1
| /* end confdefs.h.  */
| #include <stdio.h>
| #ifdef HAVE_SYS_TYPES_H
| # include <sys/types.h>
| #endif
| #ifdef HAVE_SYS_STAT_H
| # include <sys/stat.h>
| #endif
| #ifdef STDC_HEADERS
| # include <stdlib.h>
| # include <stddef.h>
| #else
| # ifdef HAVE_STDLIB_H
| #  include <stdlib.h>
| # endif
| #endif
| #ifdef HAVE_STRING_H
| # if !defined STDC_HEADERS && defined HAVE_MEMORY_H
| #  include <memory.h>
| # endif
| # include <string.h>
| #endif
| #ifdef HAVE_STRINGS_H
| # include <strings.h>
| #endif
| #ifdef HAVE_INTTYPES_H
| # include <inttypes.h>
| #endif
| #ifdef HAVE_STDINT_H
| # include <stdint.h>
| #endif
| #ifdef HAVE_UNISTD_H
| # include <unistd.h>
| #endif
| int
| main ()
| {
| if (sizeof ((u_int32_t)))
| 	    return 0;
|   ;
|   return 0;
| }
configure:4675: result: yes
configure:4687: checking for socklen_t
configure:4712: result: yes
configure:4787: checking for accept in -lc
configure:4812: ccache arm-linux-uclibc-gcc -o conftest -Os -pipe -mcpu=cortex-a9 -mtune=cortex-a9  -msoft-float -mfloat-abi=soft -fno-caller-saves -fno-plt  -D_GNU_SOURCE -ffunction-sections -fdata-sections -Wl,--gc-sections  -I/home/paldier/ddwrt/src/router/pppd/include -DNEED_PRINTF -Os -pipe -mcpu=cortex-a9 -mtune=cortex-a9  -msoft-float -mfloat-abi=soft -fno-caller-saves -fno-plt  -D_GNU_SOURCE -ffunction-sections -fdata-sections -Wl,--gc-sections  -I/home/paldier/ddwrt/src/router/pppd.new/include  conftest.c -lc   >&5
configure:4812: $? = 0
configure:4821: result: yes
configure:4832: checking for gethostbyname in -lc
configure:4857: ccache arm-linux-uclibc-gcc -o conftest -Os -pipe -mcpu=cortex-a9 -mtune=cortex-a9  -msoft-float -mfloat-abi=soft -fno-caller-saves -fno-plt  -D_GNU_SOURCE -ffunction-sections -fdata-sections -Wl,--gc-sections  -I/home/paldier/ddwrt/src/router/pppd/include -DNEED_PRINTF -Os -pipe -mcpu=cortex-a9 -mtune=cortex-a9  -msoft-float -mfloat-abi=soft -fno-caller-saves -fno-plt  -D_GNU_SOURCE -ffunction-sections -fdata-sections -Wl,--gc-sections  -I/home/paldier/ddwrt/src/router/pppd.new/include  conftest.c -lc  -lc  >&5
configure:4857: $? = 0
configure:4866: result: yes
configure:4877: checking for openpty in -lc
configure:4902: ccache arm-linux-uclibc-gcc -o conftest -Os -pipe -mcpu=cortex-a9 -mtune=cortex-a9  -msoft-float -mfloat-abi=soft -fno-caller-saves -fno-plt  -D_GNU_SOURCE -ffunction-sections -fdata-sections -Wl,--gc-sections  -I/home/paldier/ddwrt/src/router/pppd/include -DNEED_PRINTF -Os -pipe -mcpu=cortex-a9 -mtune=cortex-a9  -msoft-float -mfloat-abi=soft -fno-caller-saves -fno-plt  -D_GNU_SOURCE -ffunction-sections -fdata-sections -Wl,--gc-sections  -I/home/paldier/ddwrt/src/router/pppd.new/include  conftest.c -lc  -lc -lc  >&5
configure:4902: $? = 0
configure:4911: result: yes
configure:4922: checking for gettext in -lc
configure:4947: ccache arm-linux-uclibc-gcc -o conftest -Os -pipe -mcpu=cortex-a9 -mtune=cortex-a9  -msoft-float -mfloat-abi=soft -fno-caller-saves -fno-plt  -D_GNU_SOURCE -ffunction-sections -fdata-sections -Wl,--gc-sections  -I/home/paldier/ddwrt/src/router/pppd/include -DNEED_PRINTF -Os -pipe -mcpu=cortex-a9 -mtune=cortex-a9  -msoft-float -mfloat-abi=soft -fno-caller-saves -fno-plt  -D_GNU_SOURCE -ffunction-sections -fdata-sections -Wl,--gc-sections  -I/home/paldier/ddwrt/src/router/pppd.new/include  conftest.c -lc  -lc -lc -lc  >&5
conftest.c:47:6: warning: conflicting types for built-in function 'gettext' [-Wbuiltin-declaration-mismatch]
 char gettext ();
      ^~~~~~~
configure:4947: $? = 0
configure:4956: result: yes
configure:4967: checking for accept in -lsocket
configure:4992: ccache arm-linux-uclibc-gcc -o conftest -Os -pipe -mcpu=cortex-a9 -mtune=cortex-a9  -msoft-float -mfloat-abi=soft -fno-caller-saves -fno-plt  -D_GNU_SOURCE -ffunction-sections -fdata-sections -Wl,--gc-sections  -I/home/paldier/ddwrt/src/router/pppd/include -DNEED_PRINTF -Os -pipe -mcpu=cortex-a9 -mtune=cortex-a9  -msoft-float -mfloat-abi=soft -fno-caller-saves -fno-plt  -D_GNU_SOURCE -ffunction-sections -fdata-sections -Wl,--gc-sections  -I/home/paldier/ddwrt/src/router/pppd.new/include  conftest.c -lsocket  -lc -lc -lc -lc  >&5
/home/paldier/ddwrt/toolchains/toolchain-arm_cortex-a9_gcc-8.2.0_musl_eabi/bin/../lib64/gcc/arm-openwrt-linux-muslgnueabi/8.2.0/../../../../arm-openwrt-linux-muslgnueabi/bin/ld: cannot find -lsocket
collect2: error: ld returned 1 exit status
configure:4992: $? = 1
configure: failed program was:
| /* confdefs.h */
| #define PACKAGE_NAME ""
| #define PACKAGE_TARNAME ""
| #define PACKAGE_VERSION ""
| #define PACKAGE_STRING ""
| #define PACKAGE_BUGREPORT ""
| #define PACKAGE_URL ""
| #define PACKAGE "pptpd"
| #define VERSION "1.4.0"
| #define PPP_BINARY "/usr/sbin/pppd"
| #define PPTP_FACILITY LOG_DAEMON
| #define BCRELAY 1
| #define HAVE_SETSID 1
| #define HAVE_DAEMON 1
| #define HAVE_GETSERVBYNAME 1
| #define HAVE_STRLCPY 1
| #define HAVE_FORK 1
| #define HAVE_MEMMOVE 1
| #define HAVE_STRERROR 1
| #define HAVE_WRITEV 1
| #define STDC_HEADERS 1
| #define HAVE_SYS_TYPES_H 1
| #define HAVE_SYS_STAT_H 1
| #define HAVE_STDLIB_H 1
| #define HAVE_STRING_H 1
| #define HAVE_MEMORY_H 1
| #define HAVE_STRINGS_H 1
| #define HAVE_INTTYPES_H 1
| #define HAVE_STDINT_H 1
| #define HAVE_UNISTD_H 1
| #define HAVE_PTY_H 1
| #define HAVE_STRING_H 1
| #define HAVE_SYSLOG_H 1
| #define HAVE_LIBINTL_H 1
| #define HAVE_SYS_UIO_H 1
| #define HAVE_LIBC 1
| #define HAVE_LIBC 1
| #define HAVE_LIBC 1
| #define HAVE_LIBC 1
| /* end confdefs.h.  */
| 
| /* Override any GCC internal prototype to avoid an error.
|    Use char because int might match the return type of a GCC
|    builtin and then its argument prototype would still apply.  */
| #ifdef __cplusplus
| extern "C"
| #endif
| char accept ();
| int
| main ()
| {
| return accept ();
|   ;
|   return 0;
| }
configure:5001: result: no
configure:5012: checking for gethostbyname in -lnsl
configure:5037: ccache arm-linux-uclibc-gcc -o conftest -Os -pipe -mcpu=cortex-a9 -mtune=cortex-a9  -msoft-float -mfloat-abi=soft -fno-caller-saves -fno-plt  -D_GNU_SOURCE -ffunction-sections -fdata-sections -Wl,--gc-sections  -I/home/paldier/ddwrt/src/router/pppd/include -DNEED_PRINTF -Os -pipe -mcpu=cortex-a9 -mtune=cortex-a9  -msoft-float -mfloat-abi=soft -fno-caller-saves -fno-plt  -D_GNU_SOURCE -ffunction-sections -fdata-sections -Wl,--gc-sections  -I/home/paldier/ddwrt/src/router/pppd.new/include  conftest.c -lnsl  -lc -lc -lc -lc  >&5
/home/paldier/ddwrt/toolchains/toolchain-arm_cortex-a9_gcc-8.2.0_musl_eabi/bin/../lib64/gcc/arm-openwrt-linux-muslgnueabi/8.2.0/../../../../arm-openwrt-linux-muslgnueabi/bin/ld: cannot find -lnsl
collect2: error: ld returned 1 exit status
configure:5037: $? = 1
configure: failed program was:
| /* confdefs.h */
| #define PACKAGE_NAME ""
| #define PACKAGE_TARNAME ""
| #define PACKAGE_VERSION ""
| #define PACKAGE_STRING ""
| #define PACKAGE_BUGREPORT ""
| #define PACKAGE_URL ""
| #define PACKAGE "pptpd"
| #define VERSION "1.4.0"
| #define PPP_BINARY "/usr/sbin/pppd"
| #define PPTP_FACILITY LOG_DAEMON
| #define BCRELAY 1
| #define HAVE_SETSID 1
| #define HAVE_DAEMON 1
| #define HAVE_GETSERVBYNAME 1
| #define HAVE_STRLCPY 1
| #define HAVE_FORK 1
| #define HAVE_MEMMOVE 1
| #define HAVE_STRERROR 1
| #define HAVE_WRITEV 1
| #define STDC_HEADERS 1
| #define HAVE_SYS_TYPES_H 1
| #define HAVE_SYS_STAT_H 1
| #define HAVE_STDLIB_H 1
| #define HAVE_STRING_H 1
| #define HAVE_MEMORY_H 1
| #define HAVE_STRINGS_H 1
| #define HAVE_INTTYPES_H 1
| #define HAVE_STDINT_H 1
| #define HAVE_UNISTD_H 1
| #define HAVE_PTY_H 1
| #define HAVE_STRING_H 1
| #define HAVE_SYSLOG_H 1
| #define HAVE_LIBINTL_H 1
| #define HAVE_SYS_UIO_H 1
| #define HAVE_LIBC 1
| #define HAVE_LIBC 1
| #define HAVE_LIBC 1
| #define HAVE_LIBC 1
| /* end confdefs.h.  */
| 
| /* Override any GCC internal prototype to avoid an error.
|    Use char because int might match the return type of a GCC
|    builtin and then its argument prototype would still apply.  */
| #ifdef __cplusplus
| extern "C"
| #endif
| char gethostbyname ();
| int
| main ()
| {
| return gethostbyname ();
|   ;
|   return 0;
| }
configure:5046: result: no
configure:5057: checking for openpty in -lutil
configure:5082: ccache arm-linux-uclibc-gcc -o conftest -Os -pipe -mcpu=cortex-a9 -mtune=cortex-a9  -msoft-float -mfloat-abi=soft -fno-caller-saves -fno-plt  -D_GNU_SOURCE -ffunction-sections -fdata-sections -Wl,--gc-sections  -I/home/paldier/ddwrt/src/router/pppd/include -DNEED_PRINTF -Os -pipe -mcpu=cortex-a9 -mtune=cortex-a9  -msoft-float -mfloat-abi=soft -fno-caller-saves -fno-plt  -D_GNU_SOURCE -ffunction-sections -fdata-sections -Wl,--gc-sections  -I/home/paldier/ddwrt/src/router/pppd.new/include  conftest.c -lutil  -lc -lc -lc -lc  >&5
configure:5082: $? = 0
configure:5091: result: yes
configure:5102: checking for gettext in -lintl
configure:5127: ccache arm-linux-uclibc-gcc -o conftest -Os -pipe -mcpu=cortex-a9 -mtune=cortex-a9  -msoft-float -mfloat-abi=soft -fno-caller-saves -fno-plt  -D_GNU_SOURCE -ffunction-sections -fdata-sections -Wl,--gc-sections  -I/home/paldier/ddwrt/src/router/pppd/include -DNEED_PRINTF -Os -pipe -mcpu=cortex-a9 -mtune=cortex-a9  -msoft-float -mfloat-abi=soft -fno-caller-saves -fno-plt  -D_GNU_SOURCE -ffunction-sections -fdata-sections -Wl,--gc-sections  -I/home/paldier/ddwrt/src/router/pppd.new/include  conftest.c -lintl  -lutil -lc -lc -lc -lc  >&5
conftest.c:49:6: warning: conflicting types for built-in function 'gettext' [-Wbuiltin-declaration-mismatch]
 char gettext ();
      ^~~~~~~
/home/paldier/ddwrt/toolchains/toolchain-arm_cortex-a9_gcc-8.2.0_musl_eabi/bin/../lib64/gcc/arm-openwrt-linux-muslgnueabi/8.2.0/../../../../arm-openwrt-linux-muslgnueabi/bin/ld: cannot find -lintl
collect2: error: ld returned 1 exit status
configure:5127: $? = 1
configure: failed program was:
| /* confdefs.h */
| #define PACKAGE_NAME ""
| #define PACKAGE_TARNAME ""
| #define PACKAGE_VERSION ""
| #define PACKAGE_STRING ""
| #define PACKAGE_BUGREPORT ""
| #define PACKAGE_URL ""
| #define PACKAGE "pptpd"
| #define VERSION "1.4.0"
| #define PPP_BINARY "/usr/sbin/pppd"
| #define PPTP_FACILITY LOG_DAEMON
| #define BCRELAY 1
| #define HAVE_SETSID 1
| #define HAVE_DAEMON 1
| #define HAVE_GETSERVBYNAME 1
| #define HAVE_STRLCPY 1
| #define HAVE_FORK 1
| #define HAVE_MEMMOVE 1
| #define HAVE_STRERROR 1
| #define HAVE_WRITEV 1
| #define STDC_HEADERS 1
| #define HAVE_SYS_TYPES_H 1
| #define HAVE_SYS_STAT_H 1
| #define HAVE_STDLIB_H 1
| #define HAVE_STRING_H 1
| #define HAVE_MEMORY_H 1
| #define HAVE_STRINGS_H 1
| #define HAVE_INTTYPES_H 1
| #define HAVE_STDINT_H 1
| #define HAVE_UNISTD_H 1
| #define HAVE_PTY_H 1
| #define HAVE_STRING_H 1
| #define HAVE_SYSLOG_H 1
| #define HAVE_LIBINTL_H 1
| #define HAVE_SYS_UIO_H 1
| #define HAVE_LIBC 1
| #define HAVE_LIBC 1
| #define HAVE_LIBC 1
| #define HAVE_LIBC 1
| #define HAVE_LIBUTIL 1
| /* end confdefs.h.  */
| 
| /* Override any GCC internal prototype to avoid an error.
|    Use char because int might match the return type of a GCC
|    builtin and then its argument prototype would still apply.  */
| #ifdef __cplusplus
| extern "C"
| #endif
| char gettext ();
| int
| main ()
| {
| return gettext ();
|   ;
|   return 0;
| }
configure:5136: result: no
configure:5520: creating ./config.status

## ---------------------- ##
## Running config.status. ##
## ---------------------- ##

This file was extended by config.status, which was
generated by GNU Autoconf 2.69.  Invocation command line was

  CONFIG_FILES    = 
  CONFIG_HEADERS  = 
  CONFIG_LINKS    = 
  CONFIG_COMMANDS = 
  $ ./config.status 

on paldier-MerlinR

config.status:879: creating Makefile
config.status:879: creating config.h
config.status:1060: config.h is unchanged
config.status:1108: executing depfiles commands

## ---------------- ##
## Cache variables. ##
## ---------------- ##

ac_cv_c_compiler_gnu=yes
ac_cv_c_const=yes
ac_cv_c_inline=inline
ac_cv_env_CC_set=set
ac_cv_env_CC_value='ccache arm-linux-uclibc-gcc'
ac_cv_env_CFLAGS_set=set
ac_cv_env_CFLAGS_value='-Os -pipe -mcpu=cortex-a9 -mtune=cortex-a9  -msoft-float -mfloat-abi=soft -fno-caller-saves -fno-plt  -D_GNU_SOURCE -ffunction-sections -fdata-sections -Wl,--gc-sections  -I/home/paldier/ddwrt/src/router/pppd/include -DNEED_PRINTF'
ac_cv_env_CPPFLAGS_set=set
ac_cv_env_CPPFLAGS_value='-Os -pipe -mcpu=cortex-a9 -mtune=cortex-a9  -msoft-float -mfloat-abi=soft -fno-caller-saves -fno-plt  -D_GNU_SOURCE -ffunction-sections -fdata-sections -Wl,--gc-sections  -I/home/paldier/ddwrt/src/router/pppd.new/include'
ac_cv_env_CPP_set=
ac_cv_env_CPP_value=
ac_cv_env_LDFLAGS_set=
ac_cv_env_LDFLAGS_value=
ac_cv_env_LIBS_set=
ac_cv_env_LIBS_value=
ac_cv_env_build_alias_set=
ac_cv_env_build_alias_value=
ac_cv_env_host_alias_set=set
ac_cv_env_host_alias_value=arm-linux
ac_cv_env_target_alias_set=
ac_cv_env_target_alias_value=
ac_cv_func_daemon=yes
ac_cv_func_fork=yes
ac_cv_func_getservbyname=yes
ac_cv_func_memmove=yes
ac_cv_func_mmap_fixed_mapped='yes '
ac_cv_func_posix_getgrgid_r=no
ac_cv_func_posix_getpwuid_r=no
ac_cv_func_setproctitle=no
ac_cv_func_setsid=yes
ac_cv_func_strerror=yes
ac_cv_func_strlcpy=yes
ac_cv_func_writev=yes
ac_cv_header_inttypes_h=yes
ac_cv_header_libintl_h=yes
ac_cv_header_libutil_h=no
ac_cv_header_memory_h=yes
ac_cv_header_pty_h=yes
ac_cv_header_stdc=yes
ac_cv_header_stdint_h=yes
ac_cv_header_stdlib_h=yes
ac_cv_header_string_h=yes
ac_cv_header_strings_h=yes
ac_cv_header_sys_stat_h=yes
ac_cv_header_sys_types_h=yes
ac_cv_header_sys_uio_h=yes
ac_cv_header_syslog_h=yes
ac_cv_header_unistd_h=yes
ac_cv_lib_c_accept=yes
ac_cv_lib_c_gethostbyname=yes
ac_cv_lib_c_gettext=yes
ac_cv_lib_c_openpty=yes
ac_cv_lib_intl_gettext=no
ac_cv_lib_nsl_gethostbyname=no
ac_cv_lib_rt_clock_gettime=no
ac_cv_lib_socket_accept=no
ac_cv_lib_util_openpty=yes
ac_cv_objext=o
ac_cv_path_EGREP='/bin/grep -E'
ac_cv_path_GREP=/bin/grep
ac_cv_path_install='/usr/bin/install -c'
ac_cv_path_mkdir=/bin/mkdir
ac_cv_prog_AWK=gawk
ac_cv_prog_CC='ccache arm-linux-uclibc-gcc'
ac_cv_prog_CPP='ccache arm-linux-uclibc-gcc -E'
ac_cv_prog_RANLIB=arm-linux-uclibc-ranlib
ac_cv_prog_STRIP=arm-linux-uclibc-strip
ac_cv_prog_cc_c89=
ac_cv_prog_cc_g=yes
ac_cv_prog_make_make_set=yes
ac_cv_sys_interpreter=yes
ac_cv_type_size_t=yes
ac_cv_type_socklen_t=yes
ac_cv_type_ssize_t=yes
ac_cv_type_u_int16_t=yes
ac_cv_type_u_int32_t=yes
ac_cv_type_u_int8_t=yes
am_cv_CC_dependencies_compiler_type=none
glib_cv_stack_grows='no '
glib_cv_uscore='no '

## ----------------- ##
## Output variables. ##
## ----------------- ##

ACLOCAL='${SHELL} /home/paldier/ddwrt/src/router/pptpd/missing --run aclocal-1.11'
AMDEPBACKSLASH='\'
AMDEP_FALSE='#'
AMDEP_TRUE=''
AMTAR='$${TAR-tar}'
AUTOCONF='${SHELL} /home/paldier/ddwrt/src/router/pptpd/missing --run autoconf'
AUTOHEADER='${SHELL} /home/paldier/ddwrt/src/router/pptpd/missing --run autoheader'
AUTOMAKE='${SHELL} /home/paldier/ddwrt/src/router/pptpd/missing --run automake-1.11'
AWK='gawk'
CC='ccache arm-linux-uclibc-gcc'
CCDEPMODE='depmode=none'
CFLAGS='-Os -pipe -mcpu=cortex-a9 -mtune=cortex-a9  -msoft-float -mfloat-abi=soft -fno-caller-saves -fno-plt  -D_GNU_SOURCE -ffunction-sections -fdata-sections -Wl,--gc-sections  -I/home/paldier/ddwrt/src/router/pppd/include -DNEED_PRINTF'
CPP='ccache arm-linux-uclibc-gcc -E'
CPPFLAGS='-Os -pipe -mcpu=cortex-a9 -mtune=cortex-a9  -msoft-float -mfloat-abi=soft -fno-caller-saves -fno-plt  -D_GNU_SOURCE -ffunction-sections -fdata-sections -Wl,--gc-sections  -I/home/paldier/ddwrt/src/router/pppd.new/include'
CYGPATH_W='echo'
DEFS='-DHAVE_CONFIG_H'
DEPDIR='.deps'
ECHO_C=''
ECHO_N='-n'
ECHO_T=''
EGREP='/bin/grep -E'
EXEEXT=''
GREP='/bin/grep'
HAVE_OPENPTY=''
INSTALL_DATA='${INSTALL} -m 644'
INSTALL_PROGRAM='${INSTALL}'
INSTALL_SCRIPT='${INSTALL}'
INSTALL_STRIP_PROGRAM='$(install_sh) -c -s'
LDFLAGS=''
LIBOBJS=''
LIBS=''
LN_S='ln -s'
LTLIBOBJS=''
MAKEINFO='${SHELL} /home/paldier/ddwrt/src/router/pptpd/missing --run makeinfo'
MKDIR_P='/bin/mkdir -p'
OBJEXT='o'
PACKAGE='pptpd'
PACKAGE_BUGREPORT=''
PACKAGE_NAME=''
PACKAGE_STRING=''
PACKAGE_TARNAME=''
PACKAGE_URL=''
PACKAGE_VERSION=''
PATH_SEPARATOR=':'
RANLIB='arm-linux-uclibc-ranlib'
SET_MAKE=''
SHELL='/bin/sh'
STRIP='arm-linux-uclibc-strip'
VERSION='1.4.0'
XTRALIBS_CTRL=''
XTRALIBS_MGR=''
XTRA_PROG='bcrelay'
ac_ct_CC=''
am__EXEEXT_FALSE=''
am__EXEEXT_TRUE='#'
am__fastdepCC_FALSE=''
am__fastdepCC_TRUE='#'
am__include='include'
am__isrc=''
am__leading_dot='.'
am__nodep='_no'
am__quote=''
am__tar='$${TAR-tar} chof - "$$tardir"'
am__untar='$${TAR-tar} xf -'
bindir='${exec_prefix}/bin'
build_alias=''
datadir='${datarootdir}'
datarootdir='${prefix}/share'
docdir='${datarootdir}/doc/${PACKAGE}'
dvidir='${docdir}'
exec_prefix='${prefix}'
host_alias='arm-linux'
htmldir='${docdir}'
includedir='${prefix}/include'
infodir='${datarootdir}/info'
install_sh='${SHELL} /home/paldier/ddwrt/src/router/pptpd/install-sh'
libdir='${exec_prefix}/lib'
libexecdir='${exec_prefix}/libexec'
localedir='${datarootdir}/locale'
localstatedir='${prefix}/var'
mandir='${datarootdir}/man'
mkdir_p='/bin/mkdir -p'
oldincludedir='/usr/include'
pdfdir='${docdir}'
prefix='/usr'
program_transform_name='s,x,x,'
psdir='${docdir}'
runstatedir='${localstatedir}/run'
sbindir='${exec_prefix}/sbin'
sharedstatedir='${prefix}/com'
sysconfdir='${prefix}/etc'
target_alias=''

## ----------- ##
## confdefs.h. ##
## ----------- ##

/* confdefs.h */
#define PACKAGE_NAME ""
#define PACKAGE_TARNAME ""
#define PACKAGE_VERSION ""
#define PACKAGE_STRING ""
#define PACKAGE_BUGREPORT ""
#define PACKAGE_URL ""
#define PACKAGE "pptpd"
#define VERSION "1.4.0"
#define PPP_BINARY "/usr/sbin/pppd"
#define PPTP_FACILITY LOG_DAEMON
#define BCRELAY 1
#define HAVE_SETSID 1
#define HAVE_DAEMON 1
#define HAVE_GETSERVBYNAME 1
#define HAVE_STRLCPY 1
#define HAVE_FORK 1
#define HAVE_MEMMOVE 1
#define HAVE_STRERROR 1
#define HAVE_WRITEV 1
#define STDC_HEADERS 1
#define HAVE_SYS_TYPES_H 1
#define HAVE_SYS_STAT_H 1
#define HAVE_STDLIB_H 1
#define HAVE_STRING_H 1
#define HAVE_MEMORY_H 1
#define HAVE_STRINGS_H 1
#define HAVE_INTTYPES_H 1
#define HAVE_STDINT_H 1
#define HAVE_UNISTD_H 1
#define HAVE_PTY_H 1
#define HAVE_STRING_H 1
#define HAVE_SYSLOG_H 1
#define HAVE_LIBINTL_H 1
#define HAVE_SYS_UIO_H 1
#define HAVE_LIBC 1
#define HAVE_LIBC 1
#define HAVE_LIBC 1
#define HAVE_LIBC 1
#define HAVE_LIBUTIL 1
#define HAVE_OPENPTY 1

configure: exit 0
